[15:16:35] [main/INFO]: Loading Minecraft 1.21.11 with Fabric Loader 0.18.2
[15:16:35] [main/INFO]: Loading 103 mods:
	- alternate-current 1.9.0
	- c2me 0.3.6+beta.1.0+1.21.11
	   |-- c2me-base 0.3.6+beta.1.0+1.21.11
	   |-- c2me-client-uncapvd 0.3.6+beta.1.0+1.21.11
	   |-- c2me-fixes-chunkio-threading-issues 0.3.6+beta.1.0+1.21.11
	   |-- c2me-fixes-general-threading-issues 0.3.6+beta.1.0+1.21.11
	   |-- c2me-fixes-worldgen-threading-issues 0.3.6+beta.1.0+1.21.11
	   |-- c2me-fixes-worldgen-vanilla-bugs 0.3.6+beta.1.0+1.21.11
	   |-- c2me-notickvd 0.3.6+beta.1.0+1.21.11
	   |-- c2me-opts-allocs 0.3.6+beta.1.0+1.21.11
	   |-- c2me-opts-chunkio 0.3.6+beta.1.0+1.21.11
	   |-- c2me-opts-dfc 0.3.6+beta.1.0+1.21.11
	   |-- c2me-opts-math 0.3.6+beta.1.0+1.21.11
	   |-- c2me-opts-scheduling 0.3.6+beta.1.0+1.21.11
	   |-- c2me-opts-worldgen-general 0.3.6+beta.1.0+1.21.11
	   |-- c2me-opts-worldgen-vanilla 0.3.6+beta.1.0+1.21.11
	   |-- c2me-rewrites-chunk-serializer 0.3.6+beta.1.0+1.21.11
	   |-- c2me-rewrites-chunk-system 0.3.6+beta.1.0+1.21.11
	   |-- c2me-rewrites-chunkio 0.3.6+beta.1.0+1.21.11
	   |-- c2me-server-utils 0.3.6+beta.1.0+1.21.11
	   |-- c2me-threading-lighting 0.3.6+beta.1.0+1.21.11
	   |-- com_electronwill_night-config_core 3.6.5
	   |-- com_electronwill_night-config_toml 3.6.5
	   |-- com_ibm_async_asyncutil 0.1.0
	   |-- io_reactivex_rxjava3_rxjava 3.1.12
	   |-- mixinsquared 0.2.0-beta.6
	   |-- net_objecthunter_exp4j 0.4.8
	   |-- org_jctools_jctools-core 4.0.5
	   \-- org_reactivestreams_reactive-streams 1.0.4
	- cloth-config 21.11.151
	   \-- cloth-basic-math 0.6.1
	- collective 8.13
	- fabric-api 0.139.5+1.21.11
	   |-- fabric-api-base 1.0.5+4ebb5c083e
	   |-- fabric-api-lookup-api-v1 1.6.113+1fb1cde93e
	   |-- fabric-biome-api-v1 17.1.1+4fc5413f3e
	   |-- fabric-block-api-v1 1.1.10+4ebb5c083e
	   |-- fabric-block-view-api-v2 1.0.39+4ebb5c083e
	   |-- fabric-command-api-v2 2.4.7+6b42a6003e
	   |-- fabric-content-registries-v0 10.2.14+4fc5413f3e
	   |-- fabric-convention-tags-v1 2.1.55+7f945d5b3e
	   |-- fabric-convention-tags-v2 2.17.3+8ef948ba3e
	   |-- fabric-crash-report-info-v1 0.3.23+4ebb5c083e
	   |-- fabric-data-attachment-api-v1 1.8.43+1fb1cde93e
	   |-- fabric-data-generation-api-v1 23.3.0+ae1056283e
	   |-- fabric-dimensions-v1 4.0.28+4fc5413f3e
	   |-- fabric-entity-events-v1 3.0.5+4ebb5c083e
	   |-- fabric-events-interaction-v0 4.0.44+1fb1cde93e
	   |-- fabric-game-rule-api-v1 2.0.3+4fc5413f3e
	   |-- fabric-item-api-v1 11.5.20+d0c46b9e3e
	   |-- fabric-item-group-api-v1 4.2.36+4fc5413f3e
	   |-- fabric-key-binding-api-v1 1.1.7+4fc5413f3e
	   |-- fabric-lifecycle-events-v1 2.6.15+4ebb5c083e
	   |-- fabric-loot-api-v2 3.0.73+3f89f5a53e
	   |-- fabric-loot-api-v3 2.0.20+78c8b4663e
	   |-- fabric-message-api-v1 6.1.12+4ebb5c083e
	   |-- fabric-networking-api-v1 5.1.5+ae1e07683e
	   |-- fabric-object-builder-api-v1 21.1.38+4fc5413f3e
	   |-- fabric-particles-v1 4.2.11+4fc5413f3e
	   |-- fabric-recipe-api-v1 8.2.3+4ebb5c083e
	   |-- fabric-registry-sync-v0 6.2.4+4ebb5c083e
	   |-- fabric-rendering-fluids-v1 3.1.43+4ebb5c083e
	   |-- fabric-rendering-v1 16.2.6+1fb1cde93e
	   |-- fabric-resource-conditions-api-v1 5.0.35+4fc5413f3e
	   |-- fabric-resource-loader-v0 3.3.4+4fc5413f3e
	   |-- fabric-resource-loader-v1 1.0.10+78c8b4663e
	   |-- fabric-screen-api-v1 3.1.7+4ebb5c083e
	   |-- fabric-screen-handler-api-v1 1.3.160+4fc5413f3e
	   |-- fabric-serialization-api-v1 1.0.5+4ebb5c083e
	   |-- fabric-sound-api-v1 1.0.51+4fc5413f3e
	   |-- fabric-tag-api-v1 1.2.20+4fc5413f3e
	   |-- fabric-transfer-api-v1 6.0.24+4fc5413f3e
	   \-- fabric-transitive-access-wideners-v1 7.0.8+0107c3da3e
	- fabricloader 0.18.2
	   \-- mixinextras 0.5.0
	- ferritecore 8.0.3
	- java 21
	- lithium 0.21.1+mc1.21.11
	- minecraft 1.21.11
	- scalablelux 0.1.6+fabric.c25518a
	- servercore 1.5.15+1.21.11
	   |-- org_yaml_snakeyaml 2.5
	   |-- placeholder-api 2.8.1+1.21.10
	   |-- space_arim_dazzleconf_dazzleconf-core 1.3.0-M2
	   \-- space_arim_dazzleconf_dazzleconf-ext-snakeyaml 1.3.0-M2
	- skinshuffle 2.10.1
	   |-- com_drewnoakes_metadata-extractor 2.19.0
	   |-- com_konghq_unirest-java_standalone 3.11.9
	   |-- commons-validator_commons-validator 1.7
	   |-- org_jsoup_jsoup 1.16.1
	   |-- spruceui 9.1.0+1.21.11
	   |-- yet_another_config_lib_v3 3.8.1+1.21.11-fabric
	   |    |-- com_twelvemonkeys_common_common-image 3.12.0
	   |    |-- com_twelvemonkeys_common_common-io 3.12.0
	   |    |-- com_twelvemonkeys_common_common-lang 3.12.0
	   |    |-- com_twelvemonkeys_imageio_imageio-core 3.12.0
	   |    |-- com_twelvemonkeys_imageio_imageio-metadata 3.12.0
	   |    |-- com_twelvemonkeys_imageio_imageio-webp 3.12.0
	   |    |-- org_quiltmc_parsers_gson 0.2.1
	   |    \-- org_quiltmc_parsers_json 0.2.1
	   \-- yumi_mc_core 1.0.0-beta.1+1.21.11
	        |-- yumi_commons_collections 1.0.0
	        |-- yumi_commons_core 1.0.0
	        \-- yumi_commons_event 1.0.0
	- spark 1.10.156
	   \-- fabric-permissions-api-v0 0.6.1
	- syncmatica 0.3.15
	   \-- fabric-permissions-api-v0 0.6.1
	- voicechat 1.21.11-2.6.7
	   |-- fabric-key-binding-api-v1 1.1.7+4fc5413f53
	   |-- fabric-rendering-v1 16.2.5+1fb1cde953
	   \-- voicechat_api 2.6.0
[15:16:36] [main/INFO]: SpongePowered MIXIN Subsystem Version=0.8.7 Source=file:/workspaces/TechSurvival/servidor_minecraft/libraries/net/fabricmc/sponge-mixin/0.16.5+mixin.0.8.7/sponge-mixin-0.16.5+mixin.0.8.7.jar Service=Knot/Fabric Env=SERVER
[15:16:36] [main/INFO]: Compatibility level set to JAVA_16
[15:16:36] [main/INFO]: Compatibility level set to JAVA_21
[15:16:36] [main/INFO]: Initializing com.ishland.c2me.base.mixin
[15:16:36] [main/INFO]: Global Executor Parallelism: 1 configured, 1 evaluated, 1 default evaluated
[15:16:36] [main/INFO]: Initializing com.ishland.c2me.fixes.chunkio.threading_issues.mixin
[15:16:36] [main/INFO]: Initializing com.ishland.c2me.fixes.general.threading_issues.mixin
[15:16:36] [main/INFO]: Initializing com.ishland.c2me.fixes.worldgen.threading_issues.mixin
[15:16:36] [main/INFO]: Initializing com.ishland.c2me.fixes.worldgen.vanilla_bugs.mixin
[15:16:36] [main/INFO]: Initializing com.ishland.c2me.notickvd.mixin
[15:16:36] [main/INFO]: Initializing com.ishland.c2me.opts.allocs.mixin
[15:16:36] [main/INFO]: Initializing com.ishland.c2me.opts.chunkio.mixin
[15:16:36] [main/INFO]: Initializing com.ishland.c2me.opts.dfc.mixin
[15:16:36] [main/INFO]: Initializing com.ishland.c2me.opts.math.mixin
[15:16:36] [main/INFO]: Initializing com.ishland.c2me.opts.scheduling.mixin
[15:16:36] [main/INFO]: Initializing com.ishland.c2me.opts.worldgen.general.mixin
[15:16:36] [main/INFO]: Initializing com.ishland.c2me.opts.worldgen.vanilla.mixin
[15:16:36] [main/INFO]: Initializing com.ishland.c2me.rewrites.chunk_serializer.mixin
[15:16:36] [main/INFO]: Disabling com.ishland.c2me.rewrites.chunk_serializer.mixin
[15:16:36] [main/INFO]: Initializing com.ishland.c2me.rewrites.chunksystem.mixin
[15:16:36] [main/INFO]: Initializing com.ishland.c2me.rewrites.chunkio.mixin
[15:16:36] [main/INFO]: Initializing com.ishland.c2me.server.utils.mixin
[15:16:36] [main/INFO]: Initializing com.ishland.c2me.threading.lighting.mixin
[15:16:36] [main/INFO]: Loaded configuration file for Lithium: 164 options available, 0 override(s) found.
[15:16:36] [main/WARN]: Reference map 'yet_another_config_lib_v3.refmap.json' for yacl.mixins.json could not be read. If this is a development environment you can ignore this message
[15:16:36] [main/WARN]: Reference map 'yet_another_config_lib_v3.refmap.json' for yacl-fabric.mixins.json could not be read. If this is a development environment you can ignore this message
[15:16:38] [main/INFO]: Initializing MixinExtras via com.llamalad7.mixinextras.service.MixinExtrasServiceImpl(version=0.5.0).
[15:16:49] [main/INFO]: Loading Collective version 8.13.
[15:16:49] [main/INFO]: [ServerCore] Loaded V1.5.15+1.21.11!
[15:16:49] [main/INFO]: [voicechat] Compatibility version 20
[15:16:49] [main/INFO]: [voicechat] Loading plugins
[15:16:49] [main/INFO]: [voicechat] Loaded 0 plugin(s)
[15:16:49] [main/INFO]: [voicechat] Initializing plugins
[15:16:49] [main/INFO]: [voicechat] Initialized 0 plugin(s)
[15:16:49] [main/INFO]: Initializing mods (entrypoint yumi:init)...
[15:16:49] [main/INFO]: Environment: Environment[sessionHost=https://sessionserver.mojang.com, servicesHost=https://api.minecraftservices.com, profilesHost=https://api.mojang.com, name=PROD]
[15:16:53] [main/INFO]: Loaded 1470 recipes
[15:16:53] [main/INFO]: Loaded 1584 advancements
[15:16:54] [main/INFO]: Applied 0 biome modifications to 0 of 65 new biomes in 4.140 ms
[15:16:54] [Server thread/INFO]: Starting background profiler...
[15:16:54] [Server thread/INFO]: Starting minecraft server version 1.21.11
[15:16:54] [Server thread/INFO]: Loading properties
[15:16:54] [Server thread/INFO]: Default game type: SURVIVAL
[15:16:54] [Server thread/INFO]: Generating keypair
[15:16:55] [Server thread/INFO]: Starting Minecraft server on *:25565
[15:16:55] [Server thread/WARN]: **** SERVER IS RUNNING IN OFFLINE/INSECURE MODE!
[15:16:55] [Server thread/WARN]: The server will make no attempt to authenticate usernames. Beware.
[15:16:55] [Server thread/WARN]: While this makes the game possible to play without internet access, it also opens up the ability for hackers to connect with any username they choose.
[15:16:55] [Server thread/WARN]: To change this, set "online-mode" to "true" in the server.properties file.
[15:16:56] [Server thread/INFO]: Preparing level "world"
[15:16:56] [Server thread/INFO]: Enforcing safe world random access
[15:16:57] [Server thread/INFO]: [STDOUT]: Density function compilation finished in 1.093 s
[15:16:57] [Server thread/INFO]: Using TheSpeedyObjectFactory with Unsafe
[15:16:58] [Server thread/INFO]: [STDOUT]: Density function compilation finished in 5.699 ms
[15:16:58] [Server thread/INFO]: [STDOUT]: Density function compilation finished in 6.976 ms
[15:16:58] [Server thread/INFO]: Loading 0 persistent chunks...
[15:16:58] [Server thread/INFO]: Preparing spawn area: 100%
[15:16:58] [Server thread/INFO]: [STDOUT]: [ScalableLux] Lighting scaling is enabled in externally managed mode
[15:16:58] [Server thread/INFO]: Time elapsed: 236 ms
[15:16:58] [Server thread/INFO]: Done (2.988s)! For help, type "help"
[15:16:59] [Server thread/WARN]: [voicechat] Running in offline mode - Voice chat encryption is not secure!
[15:16:59] [VoiceChatServerThread/INFO]: [voicechat] Voice chat server started at 100.98.188.78:24454
[15:17:04] [Server thread/INFO]: Stopping the server
[15:17:04] [Server thread/INFO]: Stopping server
[15:17:04] [Server thread/INFO]: Saving players
[15:17:04] [Server thread/INFO]: Saving worlds
[15:17:04] [Server thread/INFO]: Saving chunks for level 'ServerLevel[--HARCORE--]'/minecraft:overworld
[15:17:04] [Server thread/INFO]: Saving chunks for level 'ServerLevel[--HARCORE--]'/minecraft:the_end
[15:17:04] [Server thread/INFO]: Saving chunks for level 'ServerLevel[--HARCORE--]'/minecraft:the_nether
[15:17:04] [Server thread/INFO]: ThreadedAnvilChunkStorage (world): All chunks are saved
[15:17:04] [Server thread/INFO]: ThreadedAnvilChunkStorage (DIM1): All chunks are saved
[15:17:04] [Server thread/INFO]: ThreadedAnvilChunkStorage (DIM-1): All chunks are saved
[15:17:04] [Server thread/INFO]: ThreadedAnvilChunkStorage: All dimensions are saved
[15:17:04] [C2ME Storage #5/INFO]: Storage thread Thread[#52,C2ME Storage #5,5,main] stopped
[15:17:04] [C2ME Storage #6/INFO]: Storage thread Thread[#53,C2ME Storage #6,5,main] stopped
[15:17:04] [C2ME Storage #2/INFO]: Storage thread Thread[#49,C2ME Storage #2,5,main] stopped
[15:17:04] [C2ME Storage #3/INFO]: Storage thread Thread[#50,C2ME Storage #3,5,main] stopped
[15:17:04] [C2ME Storage #9/INFO]: Storage thread Thread[#56,C2ME Storage #9,5,main] stopped
[15:17:04] [C2ME Storage #1/INFO]: Storage thread Thread[#48,C2ME Storage #1,5,main] stopped
[15:17:04] [C2ME Storage #4/INFO]: Storage thread Thread[#51,C2ME Storage #4,5,main] stopped
[15:17:04] [C2ME Storage #8/INFO]: Storage thread Thread[#55,C2ME Storage #8,5,main] stopped
[15:17:04] [C2ME Storage #7/INFO]: Storage thread Thread[#54,C2ME Storage #7,5,main] stopped
